20230129	13:32:15	fabcc184-2161-4a95-8684-50c732f05c35	GET	/rodrigo	undefined
20230129	13:32:15	2a3085d0-476d-45bf-a1cd-833863368fcc	GET	/css/style.css	undefined
20230129	13:32:19	1714997f-2dfc-4f8a-9da4-fdc6fec73b21	GET	/	undefined
20230129	13:32:19	8bfb0428-daaa-4a2c-bd40-3991e78632be	GET	/css/style.css	undefined
20230129	13:32:26	173984a0-5770-46e6-a880-ad041184e785	GET	/css/style.css	undefined
20230129	13:41:52	f862df23-3832-475b-bf22-8419beaf8d6e	OPTIONS	/	https://www.google.com
20230129	13:41:52	243eb533-590f-4c98-8850-3b5ee5467e98	GET	/	https://www.google.com
20230129	13:43:50	ebab84f1-3661-47d2-a85c-38b01182df27	OPTIONS	/	https://www.google.com
20230129	13:43:50	8838f8ed-2ea1-4d9f-9287-9a6a9127d333	GET	/	https://www.google.com
20230129	13:52:47	537d63b2-388a-4312-abaf-894ad5d837f0	GET	/	undefined
20230129	13:52:57	0fd29198-32cd-4e54-a6e5-0377d01179e2	OPTIONS	/	https://www.google.com
20230129	13:52:57	d1c21866-f568-486b-9019-40584d9ba24a	GET	/	https://www.google.com
20230129	13:58:56	2e5832c5-326b-422e-bf47-20069c6c0ad3	GET	/	undefined
20230129	13:58:56	1a1215be-ba6f-4493-a24a-961b88f868e1	GET	/css/style.css	undefined
20230129	14:02:40	1a5918f5-abd9-4a71-afaa-d4492dae686b	OPTIONS	/	https://www.google.com
20230129	14:02:40	4cddd3c9-6ef8-4e0d-9184-25ce7248b77d	GET	/	https://www.google.com
20230129	14:24:35	0842818e-d72a-4198-ba33-67a8a1149b78	GET	/	undefined
20230129	14:24:35	ce1b1dcb-1db4-46e8-a7ea-e4d828339d03	GET	/css/style.css	undefined
20230129	15:34:15	3bc79415-990c-43b5-bdf0-7f8aeb5386c9	GET	/	undefined
20230129	15:34:15	74ac4952-99d4-4534-b26e-0b3860bc431d	GET	/css/style.css	undefined
20230129	16:18:26	17f6f114-f9c8-406c-ac7a-6a80140218a4	GET	/users	undefined
20230129	16:19:25	0e5ba475-77d2-4310-8ecc-d3024642a3ca	GET	/users	undefined
20230129	16:19:40	b965218a-5bcc-46fe-ba73-d35f309ae7ad	GET	/users	undefined
20230129	16:22:52	46845d76-4e9a-469f-b91e-8aeb7bccbec6	POST	/users	undefined
20230129	16:23:10	60c7a1e3-899e-4ca0-b457-1822cd9e3bdc	GET	/users	undefined
20230129	16:24:40	f9d66419-932b-4435-a242-ffdefe356f28	POST	/users	undefined
20230129	16:25:20	e37bb768-a79b-4102-9452-77da44dcbbc9	POST	/users	undefined
20230131	13:13:19	977f07ae-bdbf-4169-86e9-b9246001fd22	GET	/	undefined
20230131	13:13:19	0dbb1cf4-6526-409d-b339-383bfb573d71	GET	/css/style.css	undefined
20230131	13:13:47	176a2972-1d1c-4aee-989c-4855da4d1b69	GET	/dash	undefined
20230131	13:13:47	74752346-1414-4b7d-8e12-bdd00d1b9630	GET	/css/style.css	undefined
20230131	13:15:02	f76861bb-f6af-460c-aad7-07ef722e09b5	GET	/	undefined
20230131	13:15:02	87a9542f-4892-4364-a3c3-6029968fe8aa	GET	/css/style.css	undefined
20230131	13:19:33	ac399a42-3877-4100-806f-ac4ac9997df6	GET	/	undefined
20230131	13:19:33	ee462598-54fa-4c5e-aa1e-1d7e864335ca	GET	/css/style.css	undefined
20230131	13:19:33	af4dae10-de90-4617-a08c-1d7fd4859574	GET	/favicon.ico	undefined
20230131	14:08:28	d391ea9f-deb3-404c-ae79-75bbd0ed4dc2	GET	/	undefined
20230131	14:08:28	2ab01f01-40ab-4c85-a49c-19d50822c7ec	GET	/css/style.css	undefined
20230131	14:08:31	a69dd9d4-c2f4-4482-8a78-13ae972fa02a	GET	/	undefined
20230131	14:08:31	cd5dbe07-26d5-4c72-87e8-854c3ec8bdf6	GET	/css/style.css	undefined
20230131	14:08:31	25636bba-d257-4131-8acc-f5efd6a76df3	GET	/	undefined
20230131	14:08:31	60d2383a-684c-4d8f-869d-2ecfa7ff3e38	GET	/css/style.css	undefined
20230131	14:15:32	f5644a40-4698-4be9-820e-b895731bd305	GET	/	undefined
20230131	14:15:32	434b1b60-65ee-4c31-9629-87e1b5dfad02	GET	/css/style.css	undefined
20230131	14:15:32	86569a06-5e77-4e34-af2a-8dac3614d737	GET	/favicon.ico	undefined
20230131	14:28:21	2544ba30-0b4a-4c87-8c6d-ec158859585f	GET	/	undefined
20230131	14:28:21	49b9d4cd-377e-4c40-83d4-234d548efccf	GET	/css/style.css	undefined
20230131	14:28:33	29f1345f-a051-40c6-a230-03afc6d82f25	GET	/dash	undefined
20230131	14:28:33	ecb3b5ea-db9a-42c2-a0ac-341680610cd1	GET	/css/style.css	undefined
20230131	14:38:17	a6cc1236-30b9-480a-8ef6-23e9a1d9e59d	GET	/dash	undefined
20230131	14:38:17	32446ac0-f344-4de4-9de1-53e0259e4294	GET	/css/style.css	undefined
20230131	14:38:21	26465403-4283-4d8f-a8e8-579ba6cf66d9	GET	/	undefined
20230131	14:38:21	4482d9da-95d2-47d8-a310-af498282fb66	GET	/css/style.css	undefined
20230131	14:49:44	7df23ea7-ea7f-4249-a06d-e84b41e67cdf	GET	/	undefined
20230131	14:49:44	0fda9f03-d89c-4d55-b405-1cb0e71c3048	GET	/css/style.css	undefined
20230131	14:49:46	b1d8db18-a63a-4cf8-9521-22145e1217ac	GET	/	undefined
20230131	14:49:46	88d08374-42c1-4f8c-ba2c-24a9340e19d8	GET	/css/style.css	undefined
20230131	14:50:10	d58ef6ff-9bcb-45bd-88c4-cd9b4dc555e3	GET	/	undefined
20230131	14:50:10	ef54982d-c889-4e10-960f-ce7b519af32a	GET	/css/style.css	undefined
20230131	14:50:12	79b5c964-e349-4956-bc9e-223152f93448	GET	/	undefined
20230131	14:50:12	0270c97d-b884-4511-92c7-b4d83055dd23	GET	/css/style.css	undefined
20230131	14:50:12	6b6f64ac-3d9e-4bd6-afa5-c52f61ca1aab	GET	/	undefined
20230131	14:50:12	d078b9af-87be-4332-a5a5-10568ac2acdc	GET	/css/style.css	undefined
20230131	14:50:12	957be2b4-0301-43c5-b2d3-0e4d05c4c993	GET	/	undefined
20230131	14:50:12	7b621a12-c1ac-4281-bf94-34ee64aea0ae	GET	/css/style.css	undefined
20230131	14:50:12	c5280679-902b-4940-8f61-cc16d3eff656	GET	/	undefined
20230131	14:50:12	3b86eaaa-507b-4e90-8ac7-aeb4bb9dd368	GET	/css/style.css	undefined
20230131	14:50:12	7c3deb76-4084-494d-9d25-e7f771cfd3d7	GET	/	undefined
20230131	14:50:12	ea8ed3ce-0402-4893-a60d-d748b1e39e7a	GET	/css/style.css	undefined
20230131	14:52:15	64a0ac39-95f4-4820-a72e-bd8ede4a5d82	GET	/	undefined
20230131	14:52:15	06089d12-73e8-4e50-a068-03c89006bb2c	GET	/css/style.css	undefined
20230131	14:57:10	dd64ec67-22c4-45c8-ac78-907f62a3b207	GET	/	undefined
20230131	14:57:10	7ba0500b-a199-47ae-9705-c469225b5b42	GET	/css/style.css	undefined
20230131	14:57:11	5e2dd138-58e0-43fa-a26c-26654ea7f24e	GET	/	undefined
20230131	14:57:11	d33f2774-3d81-45ee-9fd3-501b894beb9b	GET	/css/style.css	undefined
20230131	14:57:11	1b59dd54-55d5-43e8-9e8c-d77acd081572	GET	/	undefined
20230131	14:57:11	de7c2d49-c917-4806-8257-8702dabc5d8a	GET	/css/style.css	undefined
20230131	14:57:11	54a38717-e72c-4000-807e-c6f5b350ce94	GET	/	undefined
20230131	14:57:11	9d8477fe-ef3c-432b-9b35-f61897bbe3a8	GET	/css/style.css	undefined
20230201	12:04:00	f7ba436f-3915-437b-b8c2-bb620cc8a405	GET	/	undefined
20230201	12:04:00	970b2b5a-d8a3-4fc2-b4ec-263031ad8a8c	GET	/css/style.css	undefined
20230201	12:04:00	6789742c-bf99-4a54-b1c9-7ea523382921	GET	/favicon.ico	undefined
20230201	12:04:01	54ee9ed4-d705-4513-ae1b-6f047b36add6	GET	/	undefined
20230201	12:04:01	1ddaf53b-59f0-4f35-a49e-efe0f9b5b860	GET	/css/style.css	undefined
20230201	12:07:08	7678fb71-3e62-4889-a570-21508bc6e95a	GET	/	undefined
20230201	12:07:08	3f9aacfe-1259-451c-95de-2db2b36b2cc6	GET	/css/style.css	undefined
